<?xml version="1.0" encoding="UTF-8"?>
<!-- Generated by org.testng.reporters.JUnitReportReporter -->
<testsuite hostname="SRIKANTH23" failures="0" tests="1" name="Naukrii.Functional_Testing" time="7.667" errors="0" timestamp="2024-06-08T11:51:10 IST" skipped="0">
  <testcase classname="Naukrii.Functional_Testing" name="functional" time="7.667"/>
</testsuite> <!-- Naukrii.Functional_Testing -->
